0 info it worked if it ends with ok
1 verbose cli [ '/home/trevorknott/.nvm/versions/node/v6.0.0/bin/node',
1 verbose cli   '/home/trevorknott/.nvm/versions/node/v6.0.0/bin/npm',
1 verbose cli   'start' ]
2 info using npm@3.8.6
3 info using node@v6.0.0
4 verbose stack Error: Failed to parse json
4 verbose stack Unexpected token '/' at 8:29
4 verbose stack     "start": "node app.js" //to be able to run npm start instead of node <name>
4 verbose stack                             ^
4 verbose stack     at parseError (/home/trevorknott/.nvm/versions/node/v6.0.0/lib/node_modules/npm/node_modules/read-package-json/read-json.js:379:11)
4 verbose stack     at parseJson (/home/trevorknott/.nvm/versions/node/v6.0.0/lib/node_modules/npm/node_modules/read-package-json/read-json.js:68:23)
4 verbose stack     at /home/trevorknott/.nvm/versions/node/v6.0.0/lib/node_modules/npm/node_modules/read-package-json/read-json.js:48:5
4 verbose stack     at /home/trevorknott/.nvm/versions/node/v6.0.0/lib/node_modules/npm/node_modules/graceful-fs/graceful-fs.js:78:16
4 verbose stack     at tryToString (fs.js:449:3)
4 verbose stack     at FSReqWrap.readFileAfterClose [as oncomplete] (fs.js:436:12)
5 verbose cwd /home/trevorknott/trevorknott/workspace/web-dev/Angular2/MEAN-stack/Nodejs-Expressjs/expressapp1
6 error Linux 4.4.0-45-generic
7 error argv "/home/trevorknott/.nvm/versions/node/v6.0.0/bin/node" "/home/trevorknott/.nvm/versions/node/v6.0.0/bin/npm" "start"
8 error node v6.0.0
9 error npm  v3.8.6
10 error file /home/trevorknott/trevorknott/workspace/web-dev/Angular2/MEAN-stack/Nodejs-Expressjs/expressapp1/package.json
11 error code EJSONPARSE
12 error Failed to parse json
12 error Unexpected token '/' at 8:29
12 error     "start": "node app.js" //to be able to run npm start instead of node <name>
12 error                             ^
13 error File: /home/trevorknott/trevorknott/workspace/web-dev/Angular2/MEAN-stack/Nodejs-Expressjs/expressapp1/package.json
14 error Failed to parse package.json data.
14 error package.json must be actual JSON, not just JavaScript.
14 error
14 error This is not a bug in npm.
14 error Tell the package author to fix their package.json file. JSON.parse
15 verbose exit [ 1, true ]
